

=============================================================================
 Manuscript
=============================================================================
   # Loading data 'start.txt'
   # including 'placeholders.txt'
   add placeholder(Help, "Help|Hjälp")
   add placeholder(View, "View|Visa")
   add placeholder(About, "About|Om")
   add placeholder(Cancel, "Cancel|Avbryt")
   add placeholder(Ok, "Ok|OK")
   add placeholder(File, "File|Arkiv")
   add placeholder(Save, "Save|Spara")
   add placeholder(Yes, "Yes|Ja")
   add placeholder(No, "No|Nej")
   add placeholder(Edit, "Edit|Redigera")
   add placeholder(Find, "Find|Sök")
   add placeholder(Preferences, "Preferences|Inställningar")
   add placeholder(Open, "Open|Öppna")
   add placeholder(File, "File|Arkiv")
   add placeholder(New, "New...|Ny...")
   
   
   #
   # File menu
   #
   # including 'file.txt'
   #
   # File menu
   #
   # The purpose of this test is to make a simple verification of that
   # menu items under the File Menu is working.
   #
   
   # including 'new.txt'
   #
   # File - New menu
   #
   
   select menu ($File$, "New...")
   click button ($Cancel$)
   
   #include open.txt
   #include open_recent.txt
   #include save_as.txt
   #include import.txt
   #include export.txt
   
   
   #
   # Edit menu
   #
   #include edit.txt
   
   #
   # View menu
   #
   #include view.txt
   
   #
   # Timeline menu
   #
   #include timeline.txt
   
   #
   # Navigate menu
   #
   #include navigate.txt
   
   #
   # Help menu
   #
   #include help.txt
   
   #
   # We are done
   #
   exit application
   

-------------------------------------------------
 Effective Instructions:
   add placeholder(Help,"Help|Hjälp")
   add placeholder(View,"View|Visa")
   add placeholder(About,"About|Om")
   add placeholder(Cancel,"Cancel|Avbryt")
   add placeholder(Ok,"Ok|OK")
   add placeholder(File,"File|Arkiv")
   add placeholder(Save,"Save|Spara")
   add placeholder(Yes,"Yes|Ja")
   add placeholder(No,"No|Nej")
   add placeholder(Edit,"Edit|Redigera")
   add placeholder(Find,"Find|Sök")
   add placeholder(Preferences,"Preferences|Inställningar")
   add placeholder(Open,"Open|Öppna")
   add placeholder(File,"File|Arkiv")
   add placeholder(New,"New...|Ny...")
   select menu(File,"New...")
   click button(Cancel)
   exit application
-------------------------------------------------


=============================================================================
 Starting application timeline.py
=============================================================================
RESULT     : wxFrame 'b.timeline (C:\Users\roger.RLDATA\workspace\Timeline\timelines) - Timeline' opened



=============================================================================
 wx Description
  Name:             'main_frame'
  ClassName:        'wxFrame'
  Label:            'b.timeline (C:\Users\roger.RLDATA\workspace\Timeline\timelines) - Timeline'
  Nbr of children:  3
=============================================================================
   Id    Classname                Label                     Name
   ----  ------------------------ ------------------------  ----------------
   -202  wxFrame                  Hjälp                     'frame'
 
      ClassName: wxFrame
      Id    Classname                Label                     Name
      ----  ------------------------ ------------------------  ----------------
      -203  wxToolBar                                          'toolbar'
 
         ClassName: wxToolBar
         Id    Classname                Label                     Name
         ----  ------------------------ ------------------------  ----------------
         -204  wxSearchCtrl             searchCtrl                'searchCtrl'
 
            ClassName: wxSearchCtrl
            Id    Classname                Label                     Name
            ----  ------------------------ ------------------------  ----------------
            -205  wxTextCtrl                                         'text'
            -206  wxControl                control                   'control'
            -207  wxControl                control                   'control'
      -208  wxPyHtmlWindow           htmlWindow                'htmlWindow'
      0  wxStatusBar                                        'status_line'
   -209  wxPanel                  panel                     'panel'
 
      ClassName: wxPanel
      Id    Classname                Label                     Name
      ----  ------------------------ ------------------------  ----------------
      -210  wxToolBar                                          'toolbar'
 
         ClassName: wxToolBar
         Id    Classname                Label                     Name
         ----  ------------------------ ------------------------  ----------------
         -211  wxSearchCtrl             searchCtrl                'searchCtrl'
 
            ClassName: wxSearchCtrl
            Id    Classname                Label                     Name
            ----  ------------------------ ------------------------  ----------------
            -212  wxTextCtrl                                         'text'
            -213  wxControl                control                   'control'
            -214  wxControl                control                   'control'
         -215  wxStaticText             Ingen träff               'staticText'
         -216  wxStaticText             Endast en träff           'staticText'
      -217  wxPanel                  panel                     'panel'
 
         ClassName: wxPanel
         Id    Classname                Label                     Name
         ----  ------------------------ ------------------------  ----------------
         -218  wxStaticText             Ingen tidslinje öppnad.   'staticText'
         -219  wxStaticText             Första gången du använde  'staticText'
         -220  wxHyperlinkCtrl          Kom igång övning          'hyperlink'
      -221  wxPanel                  panel                     'panel'
 
         ClassName: wxPanel
         Id    Classname                Label                     Name
         ----  ------------------------ ------------------------  ----------------
         -222  wxPanel                  panel                     'panel'
 
            ClassName: wxPanel
            Id    Classname                Label                     Name
            ----  ------------------------ ------------------------  ----------------
            -223  wxPanel                  panel                     'panel'
 
               ClassName: wxPanel
               Id    Classname                Label                     Name
               ----  ------------------------ ------------------------  ----------------
               -224  wxStaticText                                       'staticText'
         -225  wxSlider                                           'slider'
         -226  wxSplitterWindow         splitter                  'splitter'
 
            ClassName: wxSplitterWindow
            Id    Classname                Label                     Name
            ----  ------------------------ ------------------------  ----------------
            -227  wxPanel                  panel                     'panel'
 
               ClassName: wxPanel
               Id    Classname                Label                     Name
               ----  ------------------------ ------------------------  ----------------
               -228  wxScrolledWindow         panel                     'panel'
               -229  wxCheckBox               Visa enbart markerade Ka  'check'
            -230  wxPanel                  panel                     'panel'
      -234  wxPanel                  panel                     'panel'
 
         ClassName: wxPanel
         Id    Classname                Label                     Name
         ----  ------------------------ ------------------------  ----------------
         -235  wxStaticText                                       'staticText'
         -236  wxStaticText             Relevanta hjälpavsnitt:   'staticText'
         -237  wxHyperlinkCtrl          Kontakta                  'hyperlink'


=============================================================================
 Window Description 
   hwnd:            658126 
   Classname:       'wxWindowClassNR' 
   Label:           'b.timeline (C:\Users\roger.RLDATA\workspace\Timeline\timelines) - Timeline'
   Nbr of children: 27
   Position:        (193, 40)
   Size:            (1135, 695)
=============================================================================
   ----------------------------------------------
    Native Description
   ----------------------------------------------
    hwnd     Classname                 ScreenPos    Label
    -------  ------------------------  ------------ ------------------
     658042  msctls_statusbar32        ( 201,  664) ''
     658078  wxWindowClassNR           ( 201,   90) 'panel'
     658192  ToolbarWindow32           ( 201,   82) ''
    2296250  wxWindowClassNR           ( 224,   85) 'searchCtrl'
    1770998  Edit                      ( 248,   89) ''
     330668  wxWindowClassNR           ( 229,   88) 'control'
     658128  wxWindowClassNR           ( 372,   88) 'control'
     330672  Static                    ( 443,   89) 'Ingen träff'
     920140  Static                    ( 498,   89) 'Endast en träff'
     854698  wxWindowClassNR           ( 201,   90) 'panel'
    1116772  Static                    ( 608,  347) 'Ingen tidslinje öppnad.'
     854610  Static                    ( 573,  380) 'Första gången du använder Timeline?'
    1182144  wxWindowClassNR           ( 621,  393) 'Kom igång övning'
     592650  wxWindowClassNR           ( 201,   90) 'panel'
     985606  wxWindowClassNR           ( 201,   90) 'panel'
     788946  wxWindowClassNR           ( 203,   92) 'panel'
     854590  Static                    ( 355,   97) ''
     723422  msctls_trackbar32         (1107,   90) ''
    1968232  wxWindowClassNR           ( 201,   90) 'splitter'
     788996  wxWindowClassNR           ( 201,   90) 'panel'
     657930  wxWindowClassNR           ( 201,   90) 'panel'
     789078  Button                    ( 206,  646) 'Visa enbart markerade Kategorier'
    2623680  wxWindowClassNR           ( 395,   90) 'panel'
    1116698  wxWindowClassNR           ( 818,   90) 'panel'
     396046  Static                    ( 972,  347) ''
     658106  Static                    ( 916,  380) 'Relevanta hjälpavsnitt:'
     658136  wxWindowClassNR           ( 950,  393) 'Kontakta'

   ----------------------------------------------
    Menu Bar:  count = 6
   ----------------------------------------------
 
   Menu: 'Arkiv'    Item count: 11
        Id   Label                      Text
      ----   ------------------------   ---------------------
      5002   New...                    'New...	Ctrl-N' 
      5000   Öppna...                  '&Öppna...	Ctrl-O' 
       148   Öppna senaste             'Öppna s&enaste' 
 
        Submenu Item count: 5
             Id   Label                      Text
           ----   ------------------------   ---------------------
            174   b.timeline (C:\Users\rog  'b.timeline (C:\Users\roger.RLDATA\workspace\Timeline\timelines)' 
            175   a.timeline (C:\Users\rog  'a.timeline (C:\Users\roger.RLDATA\workspace\Timeline\timelines\xml)' 
            176   num.timeline (C:\Users\r  'num.timeline (C:\Users\roger.RLDATA\workspace\Timeline\timelines\xml)' 
            177   exported_timeline.timeli  'exported_timeline.timeline (C:\Users\roger.RLDATA\workspace\Timeline\timelines\xml)' 
            178   tutorial.timeline (C:\Us  'tutorial.timeline (C:\Users\roger.RLDATA\workspace\Timeline\timelines)' 
 
        -2                             '' 
      5004   Spara som...              'Spara so&m...' 
        -2                             '' 
       126   Import events...          'Import events...' 
        -2                             '' 
       154   Export                    'Export' 
 
        Submenu Item count: 5
             Id   Label                      Text
           ----   ------------------------   ---------------------
            155   Exportera visad Timeline  'Exportera visad Timeline till bild...' 
            156   Exportera hela Timeline'  'Exportera hela Timeline'en till bilder...' 
            157   Export to Listbox...      'Export to Listbox...' 
            158   Exportera till SVG …      'Exportera till SVG …' 
            159   Export Timeline to File.  'Export Timeline to File...' 
 
        -2                             '' 
      5006   Avsluta                   '&Avsluta' 
 
   Menu: 'Redigera'    Item count: 5
        Id   Label                      Text
      ----   ------------------------   ---------------------
      5035   Sök                       '&Sök	Ctrl-F' 
       130   Find Categories...        'Find Categories...' 
        -2                             '' 
      5022   Inställningar             '&Inställningar' 
       122   Shortcuts...              'Shortcuts...' 
 
   Menu: 'Visa'    Item count: 15
        Id   Label                      Text
      ----   ------------------------   ---------------------
       101   Sidopanel                 '&Sidopanel	Ctrl+I' 
       102   Teckenförklaring          '&Teckenförklaring' 
        -2                             '' 
       103   Ballonger vid hovring     '&Ballonger vid hovring' 
        -2                             '' 
       104   Zoom In                   'Zoom &In	Ctrl++' 
       105   Zoom Out                  'Zoom &Out	Ctrl+-' 
       106   Vertical Zoom In          'Vertical Zoom &In	Alt++' 
       107   Vertical Zoom Out         'Vertical Zoom &Out	Alt+-' 
        -2                             '' 
       109   Draw point event right o  'Draw point event right of line' 
        -2                             '' 
       160   Default Event box drawer  'Default Event box drawer' 
       161   Gradient Event box drawe  'Gradient Event box drawer' 
       162   Other Gradient Event box  'Other Gradient Event box drawer' 
 
   Menu: 'Tidslinje'    Item count: 20
        Id   Label                      Text
      ----   ------------------------   ---------------------
       108   Skapa Händelse...         'Skapa &Händelse...	Ctrl+E' 
       110   Editera valda Händelser.  '&Editera valda Händelser...' 
       111   Duplicera Markerad Hände  '&Duplicera Markerad Händelse...' 
       112   Sätt Kategori på valda H  'Sätt Kategori på valda Händelser...' 
       133   Move event up             'Move event up	Alt+Up' 
       134   Move event down           'Move event down	Alt+Down' 
        -2                             '' 
       114   Compress timeline Events  '&Compress timeline Events' 
        -2                             '' 
       113   Mät avståndet mellan två  '&Mät avståndet mellan två händelser...' 
        -2                             '' 
       115   Set Category on events w  'Set Category on events &without category...' 
       116   Redigera Kategorier       'Redigera &Kategorier' 
        -2                             '' 
       117   Edit Era's...             'Edit Era's...' 
        -2                             '' 
       118   Read Only                 '&Read Only' 
        -2                             '' 
       131   Undo                      '&Undo	Ctrl+Z' 
       132   Redo                      '&Redo	Alt+Z' 
 
   Menu: 'Navigera'    Item count: 23
        Id   Label                      Text
      ----   ------------------------   ---------------------
       235   Gå till Idag              'Gå till &Idag 	Ctrl+T' 
       236   Go to Date...             'Go to &Date...	Ctrl+G' 
        -2                             '' 
       237   Bakåt                     'Bakåt	PgUp' 
       238   Framåt                    'Framåt	PgDn' 
       239   Framåt En Vecka           'Framåt En Vec&ka	Ctrl+K' 
       240   Bakåt En Vecka            'Bakåt En &Vecka' 
       241   Forward One Month         'Forward One Mont&h' 
       242   Bakåt en Månad            'Bakåt en &Månad	Ctrl+M' 
       243   Framåt ett År             'Framåt ett Å&r	Ctrl+R' 
       244   Bakåt Ett År              'Bakåt Ett &År	Ctrl+Y' 
        -2                             '' 
       245   Anpassa Millenium         'Anpassa Millenium' 
       246   Anpass Århundrade         'Anpass Århundrade' 
       247   Anpassa Decennium         'Anpassa Decennium' 
       248   Anpassa År                'Anpassa År' 
       249   Anpassa Månad             'Anpassa Månad' 
       250   Anpassa Vecka             'Anpassa Vecka' 
       251   Anpassa Dag               'Anpassa Dag' 
        -2                             '' 
       119   Find First Event          'Find &First Event' 
       120   Find Last Event           'Find &Last Event' 
       121   Fit All Events            'Fit &All Events' 
 
   Menu: 'Hjälp'    Item count: 10
        Id   Label                      Text
      ----   ------------------------   ---------------------
      5009   Innehåll                  '&Innehåll	F1' 
        -2                             '' 
       123   Getting started tutorial  'Getting started &tutorial' 
        -2                             '' 
       124   Give Feedback...          'Give &Feedback...' 
       167   Give Feedback on Feature  '&Give Feedback on Features' 
 
        Submenu Item count: 4
             Id   Label                      Text
           ----   ------------------------   ---------------------
            163   Exporting whole Timeline  'E&xporting whole Timeline to images...' 
            164   Containers...             '&Containers...' 
            165   Vertical Scrolling...     'Vertical &Scrolling...' 
            166   Vertical Zooming...       'Vertical &Zooming...' 
 
       173   Give Feedback on Experim  '&Give Feedback on Experimental Features' 
 
        Submenu Item count: 5
             Id   Label                      Text
           ----   ------------------------   ---------------------
            168   Mark Event as Done...     'Mark Event as Done...' 
            169   Extend Container height.  'Extend Container height...' 
            170   Locale date formats...    'Locale date formats...' 
            171   Accept negative Julian d  'Accept negative Julian days...' 
            172   Use extended Container s  'Use extended Container strategy...' 
 
       125   Contact                   'Co&ntact' 
        -2                             '' 
      5014   Om                        '&Om	Shift+Alt+Ctrl+H' 
 
DEBUG      : Registering window: <timelinelib.wxgui.frames.mainframe.mainframe.MainFrame; proxy of <Swig Object of type 'wxFrame *' at 0x2875478> >

INSTRUCTION: Execution of instructions start
DEBUG      : Preparing instruction 'add placeholder(Help,"Help|Hjälp")' for execution with delay 0

INSTRUCTION: add placeholder(Help,"Help|Hjälp")
DEBUG      : self.windows: [<timelinelib.wxgui.frames.mainframe.mainframe.MainFrame; proxy of <Swig Object of type 'wxFrame *' at 0x2875478> >]
DEBUG      : self.windows: [<timelinelib.wxgui.frames.mainframe.mainframe.MainFrame; proxy of <Swig Object of type 'wxFrame *' at 0x2875478> >]
DEBUG      : current_window: <timelinelib.wxgui.frames.mainframe.mainframe.MainFrame; proxy of <Swig Object of type 'wxFrame *' at 0x2875478> >
DEBUG      : Preparing instruction 'add placeholder(View,"View|Visa")' for execution with delay 0
DEBUG      : Executing instruction 'add placeholder(Help,"Help|Hjälp")'

INSTRUCTION: add placeholder(View,"View|Visa")
DEBUG      : self.windows: [<timelinelib.wxgui.frames.mainframe.mainframe.MainFrame; proxy of <Swig Object of type 'wxFrame *' at 0x2875478> >]
DEBUG      : self.windows: [<timelinelib.wxgui.frames.mainframe.mainframe.MainFrame; proxy of <Swig Object of type 'wxFrame *' at 0x2875478> >]
DEBUG      : current_window: <timelinelib.wxgui.frames.mainframe.mainframe.MainFrame; proxy of <Swig Object of type 'wxFrame *' at 0x2875478> >
DEBUG      : Preparing instruction 'add placeholder(About,"About|Om")' for execution with delay 0
DEBUG      : Executing instruction 'add placeholder(View,"View|Visa")'

INSTRUCTION: add placeholder(About,"About|Om")
DEBUG      : self.windows: [<timelinelib.wxgui.frames.mainframe.mainframe.MainFrame; proxy of <Swig Object of type 'wxFrame *' at 0x2875478> >]
DEBUG      : self.windows: [<timelinelib.wxgui.frames.mainframe.mainframe.MainFrame; proxy of <Swig Object of type 'wxFrame *' at 0x2875478> >]
DEBUG      : current_window: <timelinelib.wxgui.frames.mainframe.mainframe.MainFrame; proxy of <Swig Object of type 'wxFrame *' at 0x2875478> >
DEBUG      : Preparing instruction 'add placeholder(Cancel,"Cancel|Avbryt")' for execution with delay 0
DEBUG      : Executing instruction 'add placeholder(About,"About|Om")'

INSTRUCTION: add placeholder(Cancel,"Cancel|Avbryt")
DEBUG      : self.windows: [<timelinelib.wxgui.frames.mainframe.mainframe.MainFrame; proxy of <Swig Object of type 'wxFrame *' at 0x2875478> >]
DEBUG      : self.windows: [<timelinelib.wxgui.frames.mainframe.mainframe.MainFrame; proxy of <Swig Object of type 'wxFrame *' at 0x2875478> >]
DEBUG      : current_window: <timelinelib.wxgui.frames.mainframe.mainframe.MainFrame; proxy of <Swig Object of type 'wxFrame *' at 0x2875478> >
DEBUG      : Preparing instruction 'add placeholder(Ok,"Ok|OK")' for execution with delay 0
DEBUG      : Executing instruction 'add placeholder(Cancel,"Cancel|Avbryt")'

INSTRUCTION: add placeholder(Ok,"Ok|OK")
DEBUG      : self.windows: [<timelinelib.wxgui.frames.mainframe.mainframe.MainFrame; proxy of <Swig Object of type 'wxFrame *' at 0x2875478> >]
DEBUG      : self.windows: [<timelinelib.wxgui.frames.mainframe.mainframe.MainFrame; proxy of <Swig Object of type 'wxFrame *' at 0x2875478> >]
DEBUG      : current_window: <timelinelib.wxgui.frames.mainframe.mainframe.MainFrame; proxy of <Swig Object of type 'wxFrame *' at 0x2875478> >
DEBUG      : Preparing instruction 'add placeholder(File,"File|Arkiv")' for execution with delay 0
DEBUG      : Executing instruction 'add placeholder(Ok,"Ok|OK")'

INSTRUCTION: add placeholder(File,"File|Arkiv")
DEBUG      : self.windows: [<timelinelib.wxgui.frames.mainframe.mainframe.MainFrame; proxy of <Swig Object of type 'wxFrame *' at 0x2875478> >]
DEBUG      : self.windows: [<timelinelib.wxgui.frames.mainframe.mainframe.MainFrame; proxy of <Swig Object of type 'wxFrame *' at 0x2875478> >]
DEBUG      : current_window: <timelinelib.wxgui.frames.mainframe.mainframe.MainFrame; proxy of <Swig Object of type 'wxFrame *' at 0x2875478> >
DEBUG      : Preparing instruction 'add placeholder(Save,"Save|Spara")' for execution with delay 0
DEBUG      : Executing instruction 'add placeholder(File,"File|Arkiv")'

INSTRUCTION: add placeholder(Save,"Save|Spara")
DEBUG      : self.windows: [<timelinelib.wxgui.frames.mainframe.mainframe.MainFrame; proxy of <Swig Object of type 'wxFrame *' at 0x2875478> >]
DEBUG      : self.windows: [<timelinelib.wxgui.frames.mainframe.mainframe.MainFrame; proxy of <Swig Object of type 'wxFrame *' at 0x2875478> >]
DEBUG      : current_window: <timelinelib.wxgui.frames.mainframe.mainframe.MainFrame; proxy of <Swig Object of type 'wxFrame *' at 0x2875478> >
DEBUG      : Preparing instruction 'add placeholder(Yes,"Yes|Ja")' for execution with delay 0
DEBUG      : Executing instruction 'add placeholder(Save,"Save|Spara")'

INSTRUCTION: add placeholder(Yes,"Yes|Ja")
DEBUG      : self.windows: [<timelinelib.wxgui.frames.mainframe.mainframe.MainFrame; proxy of <Swig Object of type 'wxFrame *' at 0x2875478> >]
DEBUG      : self.windows: [<timelinelib.wxgui.frames.mainframe.mainframe.MainFrame; proxy of <Swig Object of type 'wxFrame *' at 0x2875478> >]
DEBUG      : current_window: <timelinelib.wxgui.frames.mainframe.mainframe.MainFrame; proxy of <Swig Object of type 'wxFrame *' at 0x2875478> >
DEBUG      : Preparing instruction 'add placeholder(No,"No|Nej")' for execution with delay 0
DEBUG      : Executing instruction 'add placeholder(Yes,"Yes|Ja")'

INSTRUCTION: add placeholder(No,"No|Nej")
DEBUG      : self.windows: [<timelinelib.wxgui.frames.mainframe.mainframe.MainFrame; proxy of <Swig Object of type 'wxFrame *' at 0x2875478> >]
DEBUG      : self.windows: [<timelinelib.wxgui.frames.mainframe.mainframe.MainFrame; proxy of <Swig Object of type 'wxFrame *' at 0x2875478> >]
DEBUG      : current_window: <timelinelib.wxgui.frames.mainframe.mainframe.MainFrame; proxy of <Swig Object of type 'wxFrame *' at 0x2875478> >
DEBUG      : Preparing instruction 'add placeholder(Edit,"Edit|Redigera")' for execution with delay 0
DEBUG      : Executing instruction 'add placeholder(No,"No|Nej")'

INSTRUCTION: add placeholder(Edit,"Edit|Redigera")
DEBUG      : self.windows: [<timelinelib.wxgui.frames.mainframe.mainframe.MainFrame; proxy of <Swig Object of type 'wxFrame *' at 0x2875478> >]
DEBUG      : self.windows: [<timelinelib.wxgui.frames.mainframe.mainframe.MainFrame; proxy of <Swig Object of type 'wxFrame *' at 0x2875478> >]
DEBUG      : current_window: <timelinelib.wxgui.frames.mainframe.mainframe.MainFrame; proxy of <Swig Object of type 'wxFrame *' at 0x2875478> >
DEBUG      : Preparing instruction 'add placeholder(Find,"Find|Sök")' for execution with delay 0
DEBUG      : Executing instruction 'add placeholder(Edit,"Edit|Redigera")'

INSTRUCTION: add placeholder(Find,"Find|Sök")
DEBUG      : self.windows: [<timelinelib.wxgui.frames.mainframe.mainframe.MainFrame; proxy of <Swig Object of type 'wxFrame *' at 0x2875478> >]
DEBUG      : self.windows: [<timelinelib.wxgui.frames.mainframe.mainframe.MainFrame; proxy of <Swig Object of type 'wxFrame *' at 0x2875478> >]
DEBUG      : current_window: <timelinelib.wxgui.frames.mainframe.mainframe.MainFrame; proxy of <Swig Object of type 'wxFrame *' at 0x2875478> >
DEBUG      : Preparing instruction 'add placeholder(Preferences,"Preferences|Inställningar")' for execution with delay 0
DEBUG      : Executing instruction 'add placeholder(Find,"Find|Sök")'

INSTRUCTION: add placeholder(Preferences,"Preferences|Inställningar")
DEBUG      : self.windows: [<timelinelib.wxgui.frames.mainframe.mainframe.MainFrame; proxy of <Swig Object of type 'wxFrame *' at 0x2875478> >]
DEBUG      : self.windows: [<timelinelib.wxgui.frames.mainframe.mainframe.MainFrame; proxy of <Swig Object of type 'wxFrame *' at 0x2875478> >]
DEBUG      : current_window: <timelinelib.wxgui.frames.mainframe.mainframe.MainFrame; proxy of <Swig Object of type 'wxFrame *' at 0x2875478> >
DEBUG      : Preparing instruction 'add placeholder(Open,"Open|Öppna")' for execution with delay 0
DEBUG      : Executing instruction 'add placeholder(Preferences,"Preferences|Inställningar")'

INSTRUCTION: add placeholder(Open,"Open|Öppna")
DEBUG      : self.windows: [<timelinelib.wxgui.frames.mainframe.mainframe.MainFrame; proxy of <Swig Object of type 'wxFrame *' at 0x2875478> >]
DEBUG      : self.windows: [<timelinelib.wxgui.frames.mainframe.mainframe.MainFrame; proxy of <Swig Object of type 'wxFrame *' at 0x2875478> >]
DEBUG      : current_window: <timelinelib.wxgui.frames.mainframe.mainframe.MainFrame; proxy of <Swig Object of type 'wxFrame *' at 0x2875478> >
DEBUG      : Preparing instruction 'add placeholder(File,"File|Arkiv")' for execution with delay 0
DEBUG      : Executing instruction 'add placeholder(Open,"Open|Öppna")'

INSTRUCTION: add placeholder(File,"File|Arkiv")
DEBUG      : self.windows: [<timelinelib.wxgui.frames.mainframe.mainframe.MainFrame; proxy of <Swig Object of type 'wxFrame *' at 0x2875478> >]
DEBUG      : self.windows: [<timelinelib.wxgui.frames.mainframe.mainframe.MainFrame; proxy of <Swig Object of type 'wxFrame *' at 0x2875478> >]
DEBUG      : current_window: <timelinelib.wxgui.frames.mainframe.mainframe.MainFrame; proxy of <Swig Object of type 'wxFrame *' at 0x2875478> >
DEBUG      : Preparing instruction 'add placeholder(New,"New...|Ny...")' for execution with delay 0
DEBUG      : Executing instruction 'add placeholder(File,"File|Arkiv")'

INSTRUCTION: add placeholder(New,"New...|Ny...")
DEBUG      : self.windows: [<timelinelib.wxgui.frames.mainframe.mainframe.MainFrame; proxy of <Swig Object of type 'wxFrame *' at 0x2875478> >]
DEBUG      : self.windows: [<timelinelib.wxgui.frames.mainframe.mainframe.MainFrame; proxy of <Swig Object of type 'wxFrame *' at 0x2875478> >]
DEBUG      : current_window: <timelinelib.wxgui.frames.mainframe.mainframe.MainFrame; proxy of <Swig Object of type 'wxFrame *' at 0x2875478> >
DEBUG      : Preparing instruction 'select menu("File|Arkiv","New...")' for execution with delay 4000
DEBUG      : Executing instruction 'add placeholder(New,"New...|Ny...")'

INSTRUCTION: select menu("File|Arkiv","New...")
DEBUG      : self.windows: [<timelinelib.wxgui.frames.mainframe.mainframe.MainFrame; proxy of <Swig Object of type 'wxFrame *' at 0x2875478> >]
DEBUG      : self.windows: [<timelinelib.wxgui.frames.mainframe.mainframe.MainFrame; proxy of <Swig Object of type 'wxFrame *' at 0x2875478> >]
DEBUG      : current_window: <timelinelib.wxgui.frames.mainframe.mainframe.MainFrame; proxy of <Swig Object of type 'wxFrame *' at 0x2875478> >
DEBUG      : Preparing instruction 'click button("Cancel|Avbryt")' for execution with delay 4000
DEBUG      : Executing instruction 'select menu("File|Arkiv","New...")'
DEBUG      : Menu found
RESULT     : select menu("File|Arkiv","New..."). Found
RESULT     : wxDialog 'Create new timeline' opened



=============================================================================
 wx Description
  Name:             'dialog'
  ClassName:        'wxDialog'
  Label:            'Create new timeline'
  Nbr of children:  6
=============================================================================
   Id    Classname                Label                     Name
   ----  ------------------------ ------------------------  ----------------
   -280  wxStaticText             Choose what type of time  'staticText'
   -281  wxListBox                                          'type_list'
   -282  wxStaticBox              Beskrivning               'groupBox'
   -283  wxStaticText             This creates a timeline   'description'
   5100  wxButton                 OK                        'button'
   5101  wxButton                 Avbryt                    'button'


=============================================================================
 Window Description 
   hwnd:            527286 
   Classname:       '#32770' 
   Label:           'Create new timeline'
   Nbr of children: 6
   Position:        (640, 400)
   Size:            (1066, 714)
=============================================================================
   ----------------------------------------------
    Native Description
   ----------------------------------------------
    hwnd     Classname                 ScreenPos    Label
    -------  ------------------------  ------------ ------------------
     265104  Static                    ( 658,  440) 'Choose what type of timeline you want to create.'
     199570  ListBox                   ( 658,  463) ''
     199572  Button                    ( 818,  463) 'Beskrivning'
     199574  Static                    ( 833,  490) 'This creates a timeline using the standard calendar.'
     199594  Button                    ( 892,  673) 'OK'
     199598  Button                    ( 973,  673) 'Avbryt'
DEBUG      : Registering window: <timelinelib.wxgui.dialogs.filenew.view.FileNewDialog; proxy of <Swig Object of type 'wxDialog *' at 0x2d40508> >

INSTRUCTION: click button("Cancel|Avbryt")
DEBUG      : self.windows: [<timelinelib.wxgui.frames.mainframe.mainframe.MainFrame; proxy of <Swig Object of type 'wxFrame *' at 0x2875478> >, <timelinelib.wxgui.dialogs.filenew.view.FileNewDialog; proxy of <Swig Object of type 'wxDialog *' at 0x2d40508> >]
DEBUG      : self.windows: [<timelinelib.wxgui.frames.mainframe.mainframe.MainFrame; proxy of <Swig Object of type 'wxFrame *' at 0x2875478> >, <timelinelib.wxgui.dialogs.filenew.view.FileNewDialog; proxy of <Swig Object of type 'wxDialog *' at 0x2d40508> >]
DEBUG      : current_window: <timelinelib.wxgui.dialogs.filenew.view.FileNewDialog; proxy of <Swig Object of type 'wxDialog *' at 0x2d40508> >
DEBUG      : Preparing instruction 'exit application' for execution with delay 4000
DEBUG      : Executing instruction 'click button("Cancel|Avbryt")'
DEBUG      : wx Label (Avbryt) found
RESULT     : click button("Cancel|Avbryt"). Found
RESULT     : wxDialog 'Create new timeline' closed

INSTRUCTION: exit application
DEBUG      : self.windows: [<timelinelib.wxgui.frames.mainframe.mainframe.MainFrame; proxy of <Swig Object of type 'wxFrame *' at 0x2875478> >, wxPython wrapper for DELETED FileNewDialog object! (The C++ object no longer exists.)]
DEBUG      : get_window_text fails
DEBUG      : self.windows: [<timelinelib.wxgui.frames.mainframe.mainframe.MainFrame; proxy of <Swig Object of type 'wxFrame *' at 0x2875478> >]
DEBUG      : current_window: <timelinelib.wxgui.frames.mainframe.mainframe.MainFrame; proxy of <Swig Object of type 'wxFrame *' at 0x2875478> >

INSTRUCTION: The last instruction has been executed
DEBUG      : Executing instruction 'exit application'
Destroy called
RESULT     : wxFrame 'b.timeline (C:\Users\roger.RLDATA\workspace\Timeline\timelines) - Timeline' closed
RESULT     : exit application. Application destroyed


=============================================================================
 Autopilot resultReport
=============================================================================
   Result Expected
   ------ --------------------------------
   True   select menu("File|Arkiv","New..."). Found
   True   click button("Cancel|Avbryt"). Found
   True   exit application. Application destroyed

